<?xml version="1.0" encoding="UTF-8"?>
<robot generator="Robot 6.1.1 (Python 3.13.0 on win32)" generated="20241125 14:50:42.431" rpa="false" schemaversion="4">
<suite id="s1" name="Tests" source="C:\Users\miksu\Desktop\Projects\Courses\ohjutuotehkaks\osa3\login-robot\src\tests">
<suite id="s1-s1" name="Login" source="C:\Users\miksu\Desktop\Projects\Courses\ohjutuotehkaks\osa3\login-robot\src\tests\login.robot">
<test id="s1-s1-t1" name="Login With Correct Credentials" line="6">
<kw name="Create User And Input Login Command" type="SETUP">
<kw name="Create User" library="AppLibrary">
<arg>kalle</arg>
<arg>kalle123</arg>
<status status="PASS" starttime="20241125 14:50:42.471" endtime="20241125 14:50:42.471"/>
</kw>
<kw name="Input Login Command" library="resource">
<kw name="Input" library="AppLibrary">
<arg>login</arg>
<status status="PASS" starttime="20241125 14:50:42.471" endtime="20241125 14:50:42.471"/>
</kw>
<status status="PASS" starttime="20241125 14:50:42.471" endtime="20241125 14:50:42.471"/>
</kw>
<status status="PASS" starttime="20241125 14:50:42.470" endtime="20241125 14:50:42.471"/>
</kw>
<kw name="Input Credentials" library="resource">
<arg>kalle</arg>
<arg>kalle123</arg>
<kw name="Input" library="AppLibrary">
<arg>${username}</arg>
<status status="PASS" starttime="20241125 14:50:42.472" endtime="20241125 14:50:42.472"/>
</kw>
<kw name="Input" library="AppLibrary">
<arg>${password}</arg>
<status status="PASS" starttime="20241125 14:50:42.472" endtime="20241125 14:50:42.472"/>
</kw>
<kw name="Run Application" library="AppLibrary">
<status status="PASS" starttime="20241125 14:50:42.472" endtime="20241125 14:50:42.472"/>
</kw>
<status status="PASS" starttime="20241125 14:50:42.472" endtime="20241125 14:50:42.472"/>
</kw>
<kw name="Output Should Contain" library="AppLibrary">
<arg>Logged in</arg>
<status status="PASS" starttime="20241125 14:50:42.473" endtime="20241125 14:50:42.473"/>
</kw>
<status status="PASS" starttime="20241125 14:50:42.470" endtime="20241125 14:50:42.474"/>
</test>
<test id="s1-s1-t2" name="Login With Incorrect Password" line="10">
<kw name="Create User And Input Login Command" type="SETUP">
<kw name="Create User" library="AppLibrary">
<arg>kalle</arg>
<arg>kalle123</arg>
<status status="PASS" starttime="20241125 14:50:42.477" endtime="20241125 14:50:42.477"/>
</kw>
<kw name="Input Login Command" library="resource">
<kw name="Input" library="AppLibrary">
<arg>login</arg>
<status status="PASS" starttime="20241125 14:50:42.477" endtime="20241125 14:50:42.477"/>
</kw>
<status status="PASS" starttime="20241125 14:50:42.477" endtime="20241125 14:50:42.477"/>
</kw>
<status status="PASS" starttime="20241125 14:50:42.477" endtime="20241125 14:50:42.477"/>
</kw>
<kw name="Input Credentials" library="resource">
<arg>kalle</arg>
<arg>istuu123</arg>
<kw name="Input" library="AppLibrary">
<arg>${username}</arg>
<status status="PASS" starttime="20241125 14:50:42.478" endtime="20241125 14:50:42.478"/>
</kw>
<kw name="Input" library="AppLibrary">
<arg>${password}</arg>
<status status="PASS" starttime="20241125 14:50:42.478" endtime="20241125 14:50:42.478"/>
</kw>
<kw name="Run Application" library="AppLibrary">
<status status="PASS" starttime="20241125 14:50:42.478" endtime="20241125 14:50:42.478"/>
</kw>
<status status="PASS" starttime="20241125 14:50:42.478" endtime="20241125 14:50:42.478"/>
</kw>
<kw name="Output Should Contain" library="AppLibrary">
<arg>Invalid username or password</arg>
<status status="PASS" starttime="20241125 14:50:42.479" endtime="20241125 14:50:42.479"/>
</kw>
<status status="PASS" starttime="20241125 14:50:42.476" endtime="20241125 14:50:42.480"/>
</test>
<test id="s1-s1-t3" name="Login With Nonexistent Username" line="14">
<kw name="Create User And Input Login Command" type="SETUP">
<kw name="Create User" library="AppLibrary">
<arg>kalle</arg>
<arg>kalle123</arg>
<status status="PASS" starttime="20241125 14:50:42.483" endtime="20241125 14:50:42.484"/>
</kw>
<kw name="Input Login Command" library="resource">
<kw name="Input" library="AppLibrary">
<arg>login</arg>
<status status="PASS" starttime="20241125 14:50:42.484" endtime="20241125 14:50:42.484"/>
</kw>
<status status="PASS" starttime="20241125 14:50:42.484" endtime="20241125 14:50:42.484"/>
</kw>
<status status="PASS" starttime="20241125 14:50:42.483" endtime="20241125 14:50:42.484"/>
</kw>
<kw name="Input Credentials" library="resource">
<arg>pekka</arg>
<arg>kalle123</arg>
<kw name="Input" library="AppLibrary">
<arg>${username}</arg>
<status status="PASS" starttime="20241125 14:50:42.485" endtime="20241125 14:50:42.485"/>
</kw>
<kw name="Input" library="AppLibrary">
<arg>${password}</arg>
<status status="PASS" starttime="20241125 14:50:42.485" endtime="20241125 14:50:42.485"/>
</kw>
<kw name="Run Application" library="AppLibrary">
<status status="PASS" starttime="20241125 14:50:42.485" endtime="20241125 14:50:42.485"/>
</kw>
<status status="PASS" starttime="20241125 14:50:42.485" endtime="20241125 14:50:42.485"/>
</kw>
<kw name="Output Should Contain" library="AppLibrary">
<arg>Invalid username or password</arg>
<status status="PASS" starttime="20241125 14:50:42.486" endtime="20241125 14:50:42.486"/>
</kw>
<status status="PASS" starttime="20241125 14:50:42.483" endtime="20241125 14:50:42.486"/>
</test>
<status status="PASS" starttime="20241125 14:50:42.462" endtime="20241125 14:50:42.489"/>
</suite>
<suite id="s1-s2" name="Register" source="C:\Users\miksu\Desktop\Projects\Courses\ohjutuotehkaks\osa3\login-robot\src\tests\register.robot">
<test id="s1-s2-t1" name="Register With Valid Username And Password" line="9">
<kw name="Create User And Input New Command" type="SETUP">
<kw name="Create User" library="AppLibrary">
<arg>kalle</arg>
<arg>kalle123</arg>
<status status="PASS" starttime="20241125 14:50:42.493" endtime="20241125 14:50:42.493"/>
</kw>
<kw name="Input New Command" library="resource">
<kw name="Input" library="AppLibrary">
<arg>new</arg>
<status status="PASS" starttime="20241125 14:50:42.493" endtime="20241125 14:50:42.493"/>
</kw>
<status status="PASS" starttime="20241125 14:50:42.493" endtime="20241125 14:50:42.493"/>
</kw>
<status status="PASS" starttime="20241125 14:50:42.493" endtime="20241125 14:50:42.493"/>
</kw>
<kw name="Create User" library="AppLibrary">
<arg>kissa</arg>
<arg>istuu123</arg>
<status status="PASS" starttime="20241125 14:50:42.494" endtime="20241125 14:50:42.494"/>
</kw>
<status status="PASS" starttime="20241125 14:50:42.493" endtime="20241125 14:50:42.495"/>
</test>
<test id="s1-s2-t2" name="Register With Already Taken Username And Valid Password" line="12">
<kw name="Create User And Input New Command" type="SETUP">
<kw name="Create User" library="AppLibrary">
<arg>kalle</arg>
<arg>kalle123</arg>
<status status="PASS" starttime="20241125 14:50:42.499" endtime="20241125 14:50:42.499"/>
</kw>
<kw name="Input New Command" library="resource">
<kw name="Input" library="AppLibrary">
<arg>new</arg>
<status status="PASS" starttime="20241125 14:50:42.499" endtime="20241125 14:50:42.499"/>
</kw>
<status status="PASS" starttime="20241125 14:50:42.499" endtime="20241125 14:50:42.499"/>
</kw>
<status status="PASS" starttime="20241125 14:50:42.499" endtime="20241125 14:50:42.499"/>
</kw>
<kw name="Input Credentials" library="resource">
<arg>kalle</arg>
<arg>abcdefgh1</arg>
<kw name="Input" library="AppLibrary">
<arg>${username}</arg>
<status status="PASS" starttime="20241125 14:50:42.500" endtime="20241125 14:50:42.500"/>
</kw>
<kw name="Input" library="AppLibrary">
<arg>${password}</arg>
<status status="PASS" starttime="20241125 14:50:42.500" endtime="20241125 14:50:42.500"/>
</kw>
<kw name="Run Application" library="AppLibrary">
<status status="PASS" starttime="20241125 14:50:42.500" endtime="20241125 14:50:42.500"/>
</kw>
<status status="PASS" starttime="20241125 14:50:42.500" endtime="20241125 14:50:42.500"/>
</kw>
<kw name="Output Should Contain" library="AppLibrary">
<arg>User with username kalle already exists</arg>
<status status="PASS" starttime="20241125 14:50:42.501" endtime="20241125 14:50:42.501"/>
</kw>
<status status="PASS" starttime="20241125 14:50:42.498" endtime="20241125 14:50:42.502"/>
</test>
<test id="s1-s2-t3" name="Register With Too Short Username And Valid Password" line="16">
<kw name="Create User And Input New Command" type="SETUP">
<kw name="Create User" library="AppLibrary">
<arg>kalle</arg>
<arg>kalle123</arg>
<status status="PASS" starttime="20241125 14:50:42.504" endtime="20241125 14:50:42.504"/>
</kw>
<kw name="Input New Command" library="resource">
<kw name="Input" library="AppLibrary">
<arg>new</arg>
<status status="PASS" starttime="20241125 14:50:42.505" endtime="20241125 14:50:42.505"/>
</kw>
<status status="PASS" starttime="20241125 14:50:42.505" endtime="20241125 14:50:42.505"/>
</kw>
<status status="PASS" starttime="20241125 14:50:42.504" endtime="20241125 14:50:42.505"/>
</kw>
<kw name="Input Credentials" library="resource">
<arg>ki</arg>
<arg>abcdefgh1</arg>
<kw name="Input" library="AppLibrary">
<arg>${username}</arg>
<status status="PASS" starttime="20241125 14:50:42.506" endtime="20241125 14:50:42.506"/>
</kw>
<kw name="Input" library="AppLibrary">
<arg>${password}</arg>
<status status="PASS" starttime="20241125 14:50:42.506" endtime="20241125 14:50:42.506"/>
</kw>
<kw name="Run Application" library="AppLibrary">
<status status="PASS" starttime="20241125 14:50:42.506" endtime="20241125 14:50:42.506"/>
</kw>
<status status="PASS" starttime="20241125 14:50:42.505" endtime="20241125 14:50:42.506"/>
</kw>
<kw name="Output Should Contain" library="AppLibrary">
<arg>Username is too short</arg>
<status status="PASS" starttime="20241125 14:50:42.507" endtime="20241125 14:50:42.507"/>
</kw>
<status status="PASS" starttime="20241125 14:50:42.504" endtime="20241125 14:50:42.508"/>
</test>
<test id="s1-s2-t4" name="Register With Enough Long But Invalid Username And Valid Password" line="20">
<kw name="Create User And Input New Command" type="SETUP">
<kw name="Create User" library="AppLibrary">
<arg>kalle</arg>
<arg>kalle123</arg>
<status status="PASS" starttime="20241125 14:50:42.510" endtime="20241125 14:50:42.510"/>
</kw>
<kw name="Input New Command" library="resource">
<kw name="Input" library="AppLibrary">
<arg>new</arg>
<status status="PASS" starttime="20241125 14:50:42.510" endtime="20241125 14:50:42.510"/>
</kw>
<status status="PASS" starttime="20241125 14:50:42.510" endtime="20241125 14:50:42.510"/>
</kw>
<status status="PASS" starttime="20241125 14:50:42.509" endtime="20241125 14:50:42.510"/>
</kw>
<kw name="Input Credentials" library="resource">
<arg>1141267235</arg>
<arg>saarioinen3</arg>
<kw name="Input" library="AppLibrary">
<arg>${username}</arg>
<status status="PASS" starttime="20241125 14:50:42.511" endtime="20241125 14:50:42.511"/>
</kw>
<kw name="Input" library="AppLibrary">
<arg>${password}</arg>
<status status="PASS" starttime="20241125 14:50:42.512" endtime="20241125 14:50:42.512"/>
</kw>
<kw name="Run Application" library="AppLibrary">
<status status="PASS" starttime="20241125 14:50:42.512" endtime="20241125 14:50:42.512"/>
</kw>
<status status="PASS" starttime="20241125 14:50:42.511" endtime="20241125 14:50:42.512"/>
</kw>
<kw name="Output Should Contain" library="AppLibrary">
<arg>Username does not meet the requirements.</arg>
<status status="PASS" starttime="20241125 14:50:42.514" endtime="20241125 14:50:42.514"/>
</kw>
<status status="PASS" starttime="20241125 14:50:42.509" endtime="20241125 14:50:42.514"/>
</test>
<test id="s1-s2-t5" name="Register With Valid Username And Too Short Password" line="24">
<kw name="Create User And Input New Command" type="SETUP">
<kw name="Create User" library="AppLibrary">
<arg>kalle</arg>
<arg>kalle123</arg>
<status status="PASS" starttime="20241125 14:50:42.516" endtime="20241125 14:50:42.516"/>
</kw>
<kw name="Input New Command" library="resource">
<kw name="Input" library="AppLibrary">
<arg>new</arg>
<status status="PASS" starttime="20241125 14:50:42.516" endtime="20241125 14:50:42.516"/>
</kw>
<status status="PASS" starttime="20241125 14:50:42.516" endtime="20241125 14:50:42.516"/>
</kw>
<status status="PASS" starttime="20241125 14:50:42.515" endtime="20241125 14:50:42.516"/>
</kw>
<kw name="Input Credentials" library="resource">
<arg>pekka</arg>
<arg>f4H/2.</arg>
<kw name="Input" library="AppLibrary">
<arg>${username}</arg>
<status status="PASS" starttime="20241125 14:50:42.516" endtime="20241125 14:50:42.516"/>
</kw>
<kw name="Input" library="AppLibrary">
<arg>${password}</arg>
<status status="PASS" starttime="20241125 14:50:42.516" endtime="20241125 14:50:42.516"/>
</kw>
<kw name="Run Application" library="AppLibrary">
<status status="PASS" starttime="20241125 14:50:42.516" endtime="20241125 14:50:42.516"/>
</kw>
<status status="PASS" starttime="20241125 14:50:42.516" endtime="20241125 14:50:42.516"/>
</kw>
<kw name="Output Should Contain" library="AppLibrary">
<arg>Password does not meet the requirements.</arg>
<status status="PASS" starttime="20241125 14:50:42.517" endtime="20241125 14:50:42.517"/>
</kw>
<status status="PASS" starttime="20241125 14:50:42.515" endtime="20241125 14:50:42.518"/>
</test>
<test id="s1-s2-t6" name="Register With Valid Username And Long Enough Password Containing Only Letters" line="28">
<kw name="Create User And Input New Command" type="SETUP">
<kw name="Create User" library="AppLibrary">
<arg>kalle</arg>
<arg>kalle123</arg>
<status status="PASS" starttime="20241125 14:50:42.520" endtime="20241125 14:50:42.520"/>
</kw>
<kw name="Input New Command" library="resource">
<kw name="Input" library="AppLibrary">
<arg>new</arg>
<status status="PASS" starttime="20241125 14:50:42.520" endtime="20241125 14:50:42.520"/>
</kw>
<status status="PASS" starttime="20241125 14:50:42.520" endtime="20241125 14:50:42.520"/>
</kw>
<status status="PASS" starttime="20241125 14:50:42.519" endtime="20241125 14:50:42.520"/>
</kw>
<kw name="Input Credentials" library="resource">
<arg>pekka</arg>
<arg>tupuhupujalupu</arg>
<kw name="Input" library="AppLibrary">
<arg>${username}</arg>
<status status="PASS" starttime="20241125 14:50:42.521" endtime="20241125 14:50:42.521"/>
</kw>
<kw name="Input" library="AppLibrary">
<arg>${password}</arg>
<status status="PASS" starttime="20241125 14:50:42.521" endtime="20241125 14:50:42.521"/>
</kw>
<kw name="Run Application" library="AppLibrary">
<status status="PASS" starttime="20241125 14:50:42.521" endtime="20241125 14:50:42.522"/>
</kw>
<status status="PASS" starttime="20241125 14:50:42.521" endtime="20241125 14:50:42.522"/>
</kw>
<kw name="Output Should Contain" library="AppLibrary">
<arg>Password does not meet the requirements.</arg>
<status status="PASS" starttime="20241125 14:50:42.522" endtime="20241125 14:50:42.522"/>
</kw>
<status status="PASS" starttime="20241125 14:50:42.519" endtime="20241125 14:50:42.523"/>
</test>
<status status="PASS" starttime="20241125 14:50:42.491" endtime="20241125 14:50:42.525"/>
</suite>
<status status="PASS" starttime="20241125 14:50:42.432" endtime="20241125 14:50:42.527"/>
</suite>
<statistics>
<total>
<stat pass="9" fail="0" skip="0">All Tests</stat>
</total>
<tag>
</tag>
<suite>
<stat pass="9" fail="0" skip="0" id="s1" name="Tests">Tests</stat>
<stat pass="3" fail="0" skip="0" id="s1-s1" name="Login">Tests.Login</stat>
<stat pass="6" fail="0" skip="0" id="s1-s2" name="Register">Tests.Register</stat>
</suite>
</statistics>
<errors>
</errors>
</robot>
