<?xml version="1.0" encoding="UTF-8"?>
<robot generator="Robot 6.1.1 (Python 3.13.0 on win32)" generated="20241118 16:20:16.847" rpa="false" schemaversion="4">
<suite id="s1" name="Tests" source="C:\Users\miksu\Desktop\Projects\Courses\ohjutuotehkaks\osa3\login-robot\src\tests">
<suite id="s1-s1" name="Login" source="C:\Users\miksu\Desktop\Projects\Courses\ohjutuotehkaks\osa3\login-robot\src\tests\login.robot">
<test id="s1-s1-t1" name="Login With Correct Credentials" line="6">
<kw name="Create User And Input Login Command" type="SETUP">
<kw name="Create User" library="AppLibrary">
<arg>kalle</arg>
<arg>kalle123</arg>
<status status="PASS" starttime="20241118 16:20:16.878" endtime="20241118 16:20:16.878"/>
</kw>
<kw name="Input Login Command" library="resource">
<kw name="Input" library="AppLibrary">
<arg>login</arg>
<status status="PASS" starttime="20241118 16:20:16.878" endtime="20241118 16:20:16.878"/>
</kw>
<status status="PASS" starttime="20241118 16:20:16.878" endtime="20241118 16:20:16.878"/>
</kw>
<status status="PASS" starttime="20241118 16:20:16.878" endtime="20241118 16:20:16.878"/>
</kw>
<kw name="Input Credentials" library="resource">
<arg>kalle</arg>
<arg>kalle123</arg>
<kw name="Input" library="AppLibrary">
<arg>${username}</arg>
<status status="PASS" starttime="20241118 16:20:16.879" endtime="20241118 16:20:16.879"/>
</kw>
<kw name="Input" library="AppLibrary">
<arg>${password}</arg>
<status status="PASS" starttime="20241118 16:20:16.879" endtime="20241118 16:20:16.879"/>
</kw>
<kw name="Run Application" library="AppLibrary">
<status status="PASS" starttime="20241118 16:20:16.879" endtime="20241118 16:20:16.880"/>
</kw>
<status status="PASS" starttime="20241118 16:20:16.879" endtime="20241118 16:20:16.880"/>
</kw>
<kw name="Output Should Contain" library="AppLibrary">
<arg>Logged in</arg>
<status status="PASS" starttime="20241118 16:20:16.880" endtime="20241118 16:20:16.880"/>
</kw>
<status status="PASS" starttime="20241118 16:20:16.877" endtime="20241118 16:20:16.881"/>
</test>
<test id="s1-s1-t2" name="Login With Incorrect Password" line="10">
<kw name="Create User And Input Login Command" type="SETUP">
<kw name="Create User" library="AppLibrary">
<arg>kalle</arg>
<arg>kalle123</arg>
<status status="PASS" starttime="20241118 16:20:16.884" endtime="20241118 16:20:16.884"/>
</kw>
<kw name="Input Login Command" library="resource">
<kw name="Input" library="AppLibrary">
<arg>login</arg>
<status status="PASS" starttime="20241118 16:20:16.884" endtime="20241118 16:20:16.884"/>
</kw>
<status status="PASS" starttime="20241118 16:20:16.884" endtime="20241118 16:20:16.884"/>
</kw>
<status status="PASS" starttime="20241118 16:20:16.884" endtime="20241118 16:20:16.884"/>
</kw>
<kw name="Input Credentials" library="resource">
<arg>kalle</arg>
<arg>istuu123</arg>
<kw name="Input" library="AppLibrary">
<arg>${username}</arg>
<status status="PASS" starttime="20241118 16:20:16.885" endtime="20241118 16:20:16.885"/>
</kw>
<kw name="Input" library="AppLibrary">
<arg>${password}</arg>
<status status="PASS" starttime="20241118 16:20:16.885" endtime="20241118 16:20:16.885"/>
</kw>
<kw name="Run Application" library="AppLibrary">
<status status="PASS" starttime="20241118 16:20:16.885" endtime="20241118 16:20:16.885"/>
</kw>
<status status="PASS" starttime="20241118 16:20:16.885" endtime="20241118 16:20:16.885"/>
</kw>
<kw name="Output Should Contain" library="AppLibrary">
<arg>Invalid username or password</arg>
<status status="PASS" starttime="20241118 16:20:16.886" endtime="20241118 16:20:16.886"/>
</kw>
<status status="PASS" starttime="20241118 16:20:16.883" endtime="20241118 16:20:16.886"/>
</test>
<test id="s1-s1-t3" name="Login With Nonexistent Username" line="14">
<kw name="Create User And Input Login Command" type="SETUP">
<kw name="Create User" library="AppLibrary">
<arg>kalle</arg>
<arg>kalle123</arg>
<status status="PASS" starttime="20241118 16:20:16.888" endtime="20241118 16:20:16.888"/>
</kw>
<kw name="Input Login Command" library="resource">
<kw name="Input" library="AppLibrary">
<arg>login</arg>
<status status="PASS" starttime="20241118 16:20:16.888" endtime="20241118 16:20:16.888"/>
</kw>
<status status="PASS" starttime="20241118 16:20:16.888" endtime="20241118 16:20:16.888"/>
</kw>
<status status="PASS" starttime="20241118 16:20:16.888" endtime="20241118 16:20:16.888"/>
</kw>
<kw name="Input Credentials" library="resource">
<arg>pekka</arg>
<arg>kalle123</arg>
<kw name="Input" library="AppLibrary">
<arg>${username}</arg>
<status status="PASS" starttime="20241118 16:20:16.889" endtime="20241118 16:20:16.889"/>
</kw>
<kw name="Input" library="AppLibrary">
<arg>${password}</arg>
<status status="PASS" starttime="20241118 16:20:16.889" endtime="20241118 16:20:16.889"/>
</kw>
<kw name="Run Application" library="AppLibrary">
<status status="PASS" starttime="20241118 16:20:16.890" endtime="20241118 16:20:16.890"/>
</kw>
<status status="PASS" starttime="20241118 16:20:16.889" endtime="20241118 16:20:16.890"/>
</kw>
<kw name="Output Should Contain" library="AppLibrary">
<arg>Invalid username or password</arg>
<status status="PASS" starttime="20241118 16:20:16.891" endtime="20241118 16:20:16.891"/>
</kw>
<status status="PASS" starttime="20241118 16:20:16.887" endtime="20241118 16:20:16.892"/>
</test>
<status status="PASS" starttime="20241118 16:20:16.867" endtime="20241118 16:20:16.894"/>
</suite>
<status status="PASS" starttime="20241118 16:20:16.848" endtime="20241118 16:20:16.897"/>
</suite>
<statistics>
<total>
<stat pass="3" fail="0" skip="0">All Tests</stat>
</total>
<tag>
</tag>
<suite>
<stat pass="3" fail="0" skip="0" id="s1" name="Tests">Tests</stat>
<stat pass="3" fail="0" skip="0" id="s1-s1" name="Login">Tests.Login</stat>
</suite>
</statistics>
<errors>
</errors>
</robot>
